<?xml version="1.0" encoding="UTF-8"?>
<!-- Generated by org.testng.reporters.JUnitXMLReporter -->
<testsuite ignored="0" hostname="LAPTOP-IEDOFH3F" failures="1" tests="1" name="Regression Test" time="4.749" errors="0" timestamp="2024-02-21T09:52:29 CST">
  <testcase classname="com.SalesForce.automationtests.AutomationScripts" name="success_login" time="0.024">
    <failure type="java.lang.NullPointerException" message="Cannot invoke &amp;quot;org.openqa.selenium.SearchContext.findElement(org.openqa.selenium.By)&amp;quot; because &amp;quot;this.searchContext&amp;quot; is null">
      <![CDATA[java.lang.NullPointerException: Cannot invoke "org.openqa.selenium.SearchContext.findElement(org.openqa.selenium.By)" because "this.searchContext" is null
at org.openqa.selenium.support.pagefactory.DefaultElementLocator.findElement(DefaultElementLocator.java:69)
at org.openqa.selenium.support.pagefactory.internal.LocatingElementHandler.invoke(LocatingElementHandler.java:38)
at jdk.proxy2/jdk.proxy2.$Proxy25.isDisplayed(Unknown Source)
at com.SalesForce.Pages.Base.BasePage.enterText(BasePage.java:40)
at com.SalesForce.Pages.Login.LoginPage.enteruserName(LoginPage.java:33)
at com.SalesForce.automationtests.AutomationScripts.success_login(AutomationScripts.java:62)
at java.base/java.util.ArrayList.forEach(ArrayList.java:1511)
... Removed 31 stack frames]]>
    </failure>
  </testcase> <!-- success_login -->
</testsuite> <!-- Regression Test -->
